[2013-05-20 05:19:40] request.INFO: Matched route "pagina_estatica" (parameters: "_controller": "Cupon\OfertaBundle\Controller\SitioController::estaticaAction", "pagina": "sobre-nosotros", "_route": "pagina_estatica") [] []
[2013-05-20 05:19:41] request.CRITICAL: InvalidArgumentException: Unable to find template "OfertaBundle:Sitio:sobre-nosotros.html.twig". (uncaught exception) at C:\wamp\www\Cupon\vendor\symfony\symfony\src\Symfony\Bridge\Twig\TwigEngine.php line 123 [] []
[2013-05-20 05:19:41] request.INFO: Matched route "pagina_estatica" (parameters: "_controller": "Cupon\OfertaBundle\Controller\SitioController::estaticaAction", "pagina": "sobre-nosotros", "_route": "pagina_estatica") [] []
[2013-05-20 05:19:42] request.CRITICAL: InvalidArgumentException: Unable to find template "OfertaBundle:Sitio:sobre-nosotros.html.twig". (uncaught exception) at C:\wamp\www\Cupon\vendor\symfony\symfony\src\Symfony\Bridge\Twig\TwigEngine.php line 123 [] []
[2013-05-20 06:56:15] request.ERROR: Symfony\Component\HttpKernel\Exception\NotFoundHttpException: No route found for "GET /esto-no-existe" (uncaught exception) at C:\wamp\www\Cupon\app\cache\prod\classes.php line 5156 [] []
[2013-05-20 08:03:29] request.INFO: Matched route "portada" (parameters: "_controller": "Cupon\OfertaBundle\Controller\DefaultController::portadaAction", "_route": "portada") [] []
[2013-05-20 08:03:30] request.CRITICAL: RuntimeException: Controller "Cupon\OfertaBundle\Controller\DefaultController::portadaAction()" requires that you provide a value for the "$ciudad" argument (because there is no default value or because there is a non optional argument after this one). (uncaught exception) at C:\wamp\www\Cupon\app\cache\prod\classes.php line 5289 [] []
[2013-05-22 20:19:25] request.INFO: Matched route "portada" (parameters: "_controller": "Cupon\OfertaBundle\Controller\DefaultController::portadaAction", "_route": "portada") [] []
[2013-05-22 20:19:25] request.CRITICAL: RuntimeException: Controller "Cupon\OfertaBundle\Controller\DefaultController::portadaAction()" requires that you provide a value for the "$ciudad" argument (because there is no default value or because there is a non optional argument after this one). (uncaught exception) at C:\wamp\www\Cupon\app\cache\prod\classes.php line 5289 [] []
[2013-05-22 20:41:51] request.INFO: Matched route "portada" (parameters: "_controller": "Cupon\OfertaBundle\Controller\DefaultController::portadaAction", "_route": "portada") [] []
[2013-05-22 20:41:51] request.CRITICAL: RuntimeException: Controller "Cupon\OfertaBundle\Controller\DefaultController::portadaAction()" requires that you provide a value for the "$ciudad" argument (because there is no default value or because there is a non optional argument after this one). (uncaught exception) at C:\wamp\www\Cupon\app\cache\prod\classes.php line 5289 [] []
[2013-05-23 00:45:30] request.INFO: Matched route "portada" (parameters: "_controller": "Cupon\OfertaBundle\Controller\DefaultController::portadaAction", "_route": "portada") [] []
[2013-05-23 00:45:30] request.CRITICAL: RuntimeException: Controller "Cupon\OfertaBundle\Controller\DefaultController::portadaAction()" requires that you provide a value for the "$ciudad" argument (because there is no default value or because there is a non optional argument after this one). (uncaught exception) at C:\wamp\www\Cupon\app\cache\prod\classes.php line 5289 [] []
[2013-05-23 01:01:28] request.INFO: Matched route "portada" (parameters: "_controller": "Cupon\OfertaBundle\Controller\DefaultController::portadaAction", "_route": "portada") [] []
[2013-05-23 01:01:28] request.CRITICAL: RuntimeException: Controller "Cupon\OfertaBundle\Controller\DefaultController::portadaAction()" requires that you provide a value for the "$ciudad" argument (because there is no default value or because there is a non optional argument after this one). (uncaught exception) at C:\wamp\www\Cupon\app\cache\prod\classes.php line 5289 [] []
[2013-05-23 01:17:54] request.INFO: Matched route "portada" (parameters: "_controller": "Cupon\OfertaBundle\Controller\DefaultController::portadaAction", "_route": "portada") [] []
[2013-05-23 01:17:54] request.CRITICAL: RuntimeException: Controller "Cupon\OfertaBundle\Controller\DefaultController::portadaAction()" requires that you provide a value for the "$ciudad" argument (because there is no default value or because there is a non optional argument after this one). (uncaught exception) at C:\wamp\www\Cupon\app\cache\prod\classes.php line 5289 [] []
[2013-05-23 01:18:11] request.ERROR: Symfony\Component\HttpKernel\Exception\NotFoundHttpException: No route found for "GET /barcelona" (uncaught exception) at C:\wamp\www\Cupon\app\cache\prod\classes.php line 5156 [] []
[2013-05-23 04:47:12] request.INFO: Matched route "portada" (parameters: "_controller": "Cupon\OfertaBundle\Controller\DefaultController::portadaAction", "_route": "portada") [] []
[2013-05-23 04:47:12] request.CRITICAL: RuntimeException: Controller "Cupon\OfertaBundle\Controller\DefaultController::portadaAction()" requires that you provide a value for the "$ciudad" argument (because there is no default value or because there is a non optional argument after this one). (uncaught exception) at C:\wamp\www\Cupon\app\cache\prod\classes.php line 5289 [] []
